[   0.0000] Initializing cgroup subsys puset
[    0.000000] Initializing cgroup subsys cpu
[    0.000000]nitiling cgupsubsy cacct
[  000000]inux versio4..08-enic(buiddlc01-0 (cc erio 5.4.0 20160609 (Ubuntu 5.4.0-6ubuntu1~16.04.4) ) #121-Ubuntu SMP TueOc 1 14:24:03 UTC2017 (Ubtu4.4.0-98.1-eneric 4.4.90)
[    0.000000] Command line: BOOT_IMAGE=/boot/vmlinuz4..098-geeric oo=LABEL=cldig-roofso cool=tty csole=ttyS0
[   .0000] ERNEL supord cpus
   0.00000]  ntelGeuieIntel
[    0.0000]  AMDAuhetiMD
[    0.000000]   ntar CentauHas
[  0.000000] x86/fpu:xsat_ofs[2]:  76 xtae_iz[2]: 26
[  000000] 6/puSuortig XSAVEfetur 01:'x foainpoint rgiers'
[  000000] x8fp Supporin XSAVE featur 0x02: 'SE egisters'[   .00000x86/fpu:uporti XSAVE fetue 0x4:AVX regsts'
[    0.000000] x86/fpu: Enabled stteeaures0x conxtsize  82 yts,usng 'stanar' orma.[   .0000]x86/fpu: Using 'lazy' FPU context switches.
[    0.000000] e820: BIOS-provided physical RM mp:
   0000000 BOS-e0: [memx0000000000000-0x000000000009fbff] usable
[   0.0000] BIOS-e820: [mem 0x000000000009fc00-x000000009fff reered
[    0.00000 BIOS-e820: [mem 0x00000000000f0000-0x00000000000fffff] reserved
[    0.000000] BOSe820: [mem 0x0000000000100000-0x000000003ffeffff] usable
[    0.000000] BIOS-e820: [mem 0x000000003fff000x000000003fffffff] ACPI data
[    0.000000] BIOS-e820:[mm 0x000000ec00000-0x00000000fec00fff] reserved
[    0.000000] BIOS-e20 [em 0x00000000fee00000-0x00000000fee00fff] reserved
[    0.000000]BIOS-e820: [mem 0x00000000fffc0000-0x00000000ffffffff] reserved
[    0.000000] NX (Execute Disable) protection: active
[    0.000000] SMBIOS 2.5 present.
[    0.000000] Hypervisor detected: KVM
[    0.000000] e820: lastpf = 0x3fff0 max_arch_pfn = 0x400000000
[    0.000000] MTRR: Disabled
[    0.000000] x86/PAT: MTRRs disabledskipping PAT initialization too.
[    0.000000] CPU MTRRs all blank - virtualized system.
[    0.000000] x86/PAT: Configuration [0-7]: WB  WT  UC- UC  WB  WT  UC- UC  
[    0.000000] found SMP MP-table at [mem 0x0009fff0-0x0009ffff] mapped at [ffff88000009fff0]
[    0.00000 Scanning 1 areas for low memory corruption
[    0.000000] RAMDISK: [mem 0x36ac6000-0x3755afff]
[    0.000000] ACPI: Early table checksum verification disabled
[    0.000000] ACPI: RSDP 0x000000000E0000 000024 (v02 VBOX  )
[    0.000000] ACPI: XSDT 0x000000003FF030 003C (v01 VBOX  VBOXXSDT 000000ASL  00006)
[    0.000000] ACPI: FACP 0x000000003FFF00F0 0000F4 (v04 VBOX   VBOXFACP 00000001 ASL  00000061)
[    0.000000] ACPI: DSDT0x00000003FFF0470 0021FF (v02 VBOX   VBOXBIOS 00000002 INTL 20100528)
[    0.000000] ACI:ACS 0x000003FFF0200 000040
[    0.00000] ACPI: FACS 0x000000003FFF0200 000040
[    0.000000] ACPI: APIC 0x000000003FFF0240 00005C (v02 VBOX   VBOXAPIC 00000001 ASL  00000061)
[    0.000000] ACPI: SSDT 0x000000003FFF02A0 0001CC (v01 VBOX   VBOXCPUT 00000002 INTL 20100528)
[    0.000000]No NUMA configuration found
[    0.000000] Faking  node at [mem 0x0000000000000000-0x000000003ffeffff]
[    0.000000] NODE_DATA(0) allocated [mem 0x3ffeb000-0x3ffeffff]
[    0.000000] kvm-clock: Using msrs 4b564d01 and 4b564d00
[    0.000000] vm-clock: cpu 0, msr 0:3ffe3001, primary cpu clock
[    0.000000] kvm-clock: using sched offset of 4037997329 cycles
[    0.000000] clocksource: kvm-clock: mask: 0xffffffffffffffff max_cycles: 0x1cd42e4dffb, max_idle_ns: 881590591483 ns
[    0.000000] Zone ranges:
[    0.000000]  DMA      [mem 0x0000000000001000-0x0000000000ffffff]
[    0.000000]   DMA32    [mem 0x0000000001000000-0x000000003ffeffff]
[    0.000000]   Norml  empty
[    0.000000]   Device   empty
[    0.000000] Movable zone start for each node
[    0.000000] Early memory node ranges
[    0.000000]   node   0: [mem 0x0000000000001000-0x000000000009efff]
[    0.000000]   node  0: [mem 0x0000000000100000-0x000000003ffeffff]
[    0.000000] Initmem setunode 0 [mem 0x0000000000001000-0x000000003ffeffff]
[    0.000000] ACPI: PM-Timer IO Port: 0x4008
[    0.000000] IOAPIC[0]: apic_id 2, version 32, address 0xfec00000, GSI 0-23
[    0.000000] ACPI: INT_SRC_VRbus 0usirq 0 glob_irq 2 dfl dfl)
[    0.000000] ACPI: INT_SRC_OVR (bus 0 bus_irq 9 global_irq 9 low level)
[    0.000000] Using ACPI (MADT) for SMP configuration information
[    0.000000] smpboot: Allowing 2 CPUs, 0 hotplug CPUs
[  0.000] M:Reistered nosave emy: [mem 0x00000000-0x00000fff
    0.00000] PM: Registered nosave memory: [mem 000f000-0x00fff]
[   .0000]PM Ristered noav mmory:me 0x0a000-0x000effff]
[    0.000000] PM: Registered nosave memory: [mem 0x000f0000-0x000fffff]
[   .00000 e20[mem 0x00000xebfffff] available for PCI devies
[   000000]Boing prartualid ernel  KVM
   00000] clckurce rinedjiies:ma: 0xfffff ma_ccls: xffffff,ax_idle_ns: 7645519600211568 ns
[   0.000] tu_perpuNR_CPS:2 nr_umskbi:512 r_u_ids2 _nodid:1[    .0000]PEPU: beded 3 pes/c @ff883f00000 83 r812 32744 104856
[   .00000]V spnlk hashab entris:56 (orer0, 406 tes)
   00000] uit  zelists i Ne orr,moiliy ouingon Ttal pas:5791
  0.00000] olicy one: DMA32
[   .0000] Kerl ommanline: OO_IAGE=/botmlin-4.0-98-gnec oot=AB=clodi-rotfso nsol=t1 conolttS0
   000000]IDhah bl entie 409 (rdr: 3,278 bys)
  0.0000] emy: 10028K/4812K vailbl (484 knel code, 1294K rda, 3988 rdaa,14K init, 116 bss,6392K rerv, 0Kcmreerved)
[    0.0000] SUBHWlign=64, Order=0-3, MinOObjets0,CPs=2,Nos=1
[   0000000]Hiarchic R implemenntation.
[  00000] 	Biltie jutment ofle fanot o 4.
  0.0000	RCUreriti Cs fromNR_CPU512 o _cu_ds.
[    0000] CU Austig omtrforcu_faoulef=64nrcpu_is=
[   .0000] NR_RQ:33024r_rq:40 
[   000000] Cnsle clo VA+0x
[    0.0000] onsolett1]enle
[    0.0000]conslettS0] nale
[    0.000000] tsc: Detected 2299.998 MHz processor
[   14.300995] Calibrating delay loop (skipped) preset value.. 4599.99 BogoMIPS (lpj=9199992)
[   14.439970] pid_max: default: 32768 minimum: 301
[   14.519886] ACPI: Core revision 20150930
[   14.582709] ACPI: 2 ACPI AML tables successfully acquired and loaded
[   14.661150] Security Framework initialized
[   14.708382] Yama: becoming mindful.
[   14.769963] AppArmor: AppArmor initialized
[   14.843997] Dentry cache hash table entries: 131072 (order: 8, 1048576 bytes)
[   14.984078] Inode-cache hash table entries: 65536 (order: 7, 524288 bytes)
[   15.117886] Mount-cache hash table entries: 2048 (order: 2, 16384 bytes)
[   15.236490] Mountpoint-cache hash table entries: 2048 (order: 2, 16384 bytes)
[   15.369434] Initializing cgroup subsys io
[   15.447925] Initializing cgroup subsys memory
[   15.520775] Initializing cgroup subsys devices
[   15.608417] Initializing cgroup subsys freezer
[   15.704777] Initializing cgroup subsys net_cls
[   15.772220] Initializing cgroup subsys perf_event
[   15.856393] Initializing cgroup subsys net_prio
[   15.886541] Initializing cgroup subsys hugetlb
[   15.896825] Initializing cgroup subsys pids
[   15.920443] CPU: Physical Processor ID: 0
[   15.936556] CPU: Processor Core ID: 0
[   15.965389] mce: CPU supports 0 MCE banks
[   15.970871] Last level iTLB entries: 4KB 1024, 2MB 1024, 4MB 1024
[   15.994038] Last level dTLB entries: 4KB 1024, 2MB 1024, 4MB 1024, 1GB 4
[   16.001725] Freeing SMP alternatives memory: 32K
[   16.038507] ftrace: allocating 32154 entries in 126 pages
[   16.124496] smpboot: APIC(0) Converting physical 0 to logical package 0
[   16.153061] smpboot: Max logical packages: 1
[   16.156606] x2apic enabled
[   16.169616] Switched APIC routing to physical x2apic.
[   16.194620] ..TIMER: vector=0x30 apic1=0 pin1=2 apic2=-1 pin2=-1
[   16.312291] smpboot: CPU0: Intel(R) Core(TM) i7-4650U CPU @ 1.70GHz (family: 0x6, model: 0x45, stepping: 0x1)
[   16.378068] Performance Events: unsupported p6 CPU model 69 no PMU driver, software events only.
[   16.485007] KVM setup paravirtual spinlock
[   16.575256] x86: Booting SMP configuration:
[   16.630889] .... node  #0, CPUs:      #1
[   16.686654] kvm-clock: cpu 1, msr 0:3ffe3041, secondary cpu clock
[   16.750137] mce: CPU supports 0 MCE banks
[   16.769577] x86: Booted up 1 node, 2 CPUs
[   16.837580] smpboot: Total of 2 processors activated (9199.99 BogoMIPS)
[   16.894532] devtmpfs: initialized
[   16.912552] evm: security.selinux
[   16.922743] evm: security.SMACK64
[   16.927255] evm: security.SMACK64EXEC
[   16.928950] evm: security.SMACK64TRANSMUTE
[   16.932263] evm: security.SMACK64MMAP
[   16.935255] evm: security.ima
[   16.948361] evm: security.capability
[   16.959745] clocksource: jiffies: mask: 0xffffffff max_cycles: 0xffffffff, max_idle_ns: 7645041785100000 ns
[   16.979162] futex hash table entries: 512 (order: 3, 32768 bytes)
[   16.995918] pinctrl core: initialized pinctrl subsystem
[   17.013783] RTC time: 20:35:52, date: 01/27/18
[   17.032549] NET: Registered protocol family 16
[   17.067098] cpuidle: using governor ladder
[   17.147089] cpuidle: using governor menu
[   17.219441] PCCT header not found.
[   17.255674] ACPI: bus type PCI registered
[   17.261134] acpiphp: ACPI Hot Plug PCI Controller Driver version: 0.5
[   17.268070] PCI: Using configuration type 1 for base access
[   17.312227] ACPI: Added _OSI(Module Device)
[   17.373346] ACPI: Added _OSI(Processor Device)
[   17.427623] ACPI: Added _OSI(3.0 _SCP Extensions)
[   17.513865] ACPI: Added _OSI(Processor Aggregator Device)
[   17.530719] ACPI: Executed 1 blocks of module-level executable AML code
[   17.555089] ACPI: Interpreter enabled
[   17.569310] ACPI: (supports S0 S5)
[   17.589512] ACPI: Using IOAPIC for interrupt routing
[   17.610249] PCI: Using host bridge windows from ACPI; if necessary, use "pci=nocrs" and report a bug
[   17.685377] ACPI: PCI Root Bridge [PCI0] (domain 0000 [bus 00-ff])
[   17.719767] acpi PNP0A03:00: _OSC: OS supports [ASPM ClockPM Segments MSI]
[   17.768588] acpi PNP0A03:00: _OSC: not requesting OS control; OS requires [ExtendedConfig ASPM ClockPM MSI]
[   17.857736] acpi PNP0A03:00: fail to add MMCONFIG information, can't access extended PCI configuration space under this bridge.
[   17.999151] PCI host bridge to bus 0000:00
[   18.025730] pci_bus 0000:00: root bus resource [io  0x0000-0x0cf7 window]
[   18.101788] pci_bus 0000:00: root bus resource [io  0x0d00-0xffff window]
[   18.197176] pci_bus 0000:00: root bus resource [mem 0x000a0000-0x000bffff window]
[   18.260231] pci_bus 0000:00: root bus resource [mem 0x40000000-0xfdffffff window]
[   18.306556] pci_bus 0000:00: root bus resource [bus 00-ff]
[   18.371483] pci 0000:00:01.1: legacy IDE quirk: reg 0x10: [io  0x01f0-0x01f7]
[   18.428107] pci 0000:00:01.1: legacy IDE quirk: reg 0x14: [io  0x03f6]
[   18.436361] pci 0000:00:01.1: legacy IDE quirk: reg 0x18: [io  0x0170-0x0177]
[   18.509471] pci 0000:00:01.1: legacy IDE quirk: reg 0x1c: [io  0x0376]
[   18.553722] pci 0000:00:07.0: quirk: [io  0x4000-0x403f] claimed by PIIX4 ACPI
[   18.671374] pci 0000:00:07.0: quirk: [io  0x4100-0x410f] claimed by PIIX4 SMB
[   18.745300] ACPI: PCI Interrupt Link [LNKA] (IRQs 5 9 10 *11)
[   18.814877] ACPI: PCI Interrupt Link [LNKB] (IRQs 5 9 *10 11)
[   18.874101] ACPI: PCI Interrupt Link [LNKC] (IRQs 5 *9 10 11)
[   18.930289] ACPI: PCI Interrupt Link [LNKD] (IRQs 5 9 10 *11)
[   18.964071] ACPI: Enabled 2 GPEs in block 00 to 07
[   19.033615] vgaarb: setting as boot device: PCI:0000:00:02.0
[   19.098059] vgaarb: device added: PCI:0000:00:02.0,decodes=io+mem,owns=io+mem,locks=none
[   19.188787] vgaarb: loaded
[   19.213145] vgaarb: bridge control possible 0000:00:02.0
[   19.255514] SCSI subsystem initialized
[   19.333066] ACPI: bus type USB registered
[   19.372362] usbcore: registered new interface driver usbfs
[   19.374908] usbcore: registered new interface driver hub
[   19.390458] usbcore: registered new device driver usb
[   19.411728] PCI: Using ACPI for IRQ routing
[   19.420473] NetLabel: Initializing
[   19.434248] NetLabel:  domain hash size = 128
[   19.458778] NetLabel:  protocols = UNLABELED CIPSOv4
[   19.462960] NetLabel:  unlabeled traffic allowed by default
[   19.465425] amd_nb: Cannot enumerate AMD northbridges
[   19.474066] clocksource: Switched to clocksource kvm-clock
[   19.503964] AppArmor: AppArmor Filesystem Enabed[ 19968]npPnACI init
[ 196204pn P AI:oud dece
[   20.587809] clocksource: acpi_pm: mask: 0xffffff max_cycles: 0xffffff, max_idle_ns: 2085701024 ns
[   20.621556] NET: Registered protocol family 2
[   20.671610] TCP established hash table entries: 8192 (order: 4, 65536 bytes)
[   20.696069] TCP bind hash table entries: 8192 (order: 5, 131072 bytes)
[   20.713168] TCP: Hash tables configured (established 8192 bind 8192)
[   20.733129] UDP hash table entries: 512 (order: 2, 16384 bytes)
[   20.764250] UDP-Lite hash table entries: 512 (order: 2, 16384 bytes)
[   20.792825] NET: Registered protocol family 1
[   20.806032] pci 0000:00:00.0: Limiting direct PCI/PCI transfers
[   20.840551] pci 0000:00:01.0: Activating ISA DMA hang workarounds
[   20.850447] Unpacking initramfs...
[   23.308838] Freeing initrd memory: 10836K
[   23.337631] RAPL PMU detected, API unit is 2^-32 Joules, 4 fixed counters 10737418240 ms ovfl timer
[   23.379848] hw unit of domain pp0-core 2^-0 Joules
[   23.382943] hw unit of domain package 2^-0 Joules
[   23.445972] hw unit of domain dram 2^-0 Joules
[   23.500480] hw unit of domain pp1-gpu 2^-0 Joules
[   23.560333] platform rtc_cmos: registered platform RTC device (no PNP device found)
[   23.751293] Scanning for low memory corruption every 60 seconds
[   23.864410] audit: initializing netlink subsys (disabled)
[   23.914976] audit: type=2000 audit(1517085346.124:1): initialized
[   23.936572] Initialise system trusted keyring
[   23.957230] HugeTLB registered 2 MB page size, pre-allocated 0 pages
[   23.988952] zbud: loaded
[   23.990374] VFS: Disk quotas dquot_6.6.0
[   24.004997] VFS: Dquot-cache hash table entries: 512 (order 0, 4096 bytes)
[   24.092354] squashfs: version 4.0 (2009/01/31) Phillip Lougher
[   24.161263] fuse init (API version 7.23)
[   24.203818] Key type big_key registered
[   24.243759] Allocating IMA MOK and blacklist keyrings.
[   24.263089] Key type asymmetric registered
[   24.303470] Asymmetric key parser 'x509' registered
[   24.382200] Block layer SCSI generic (bsg) driver version 0.4 loaded (major 249)
[   24.500947] io scheduler noop registered
[   24.570777] clocksource: tsc: mask: 0xffffffffffffffff max_cycles: 0x212733415c7, max_idle_ns: 440795236380 ns
[   24.675498] io scheduler deadline registered (default)
[   24.769896] io scheduler cfq registered
[   24.859706] pci_hotplug: PCI Hot Plug PCI Core version: 0.5
[   24.970822] pciehp: PCI Express Hot Plug Controller Driver version: 0.4
[   25.025735] ACPI: AC Adapter [AC] (off-line)
[   25.031003] input: Power Button as /devices/LNXSYSTM:00/LNXPWRBN:00/input/input0
[   25.059555] ACPI: Power Button [PWRF]
[   25.067438] input: Sleep Button as /devices/LNXSYSTM:00/LNXSLPBN:00/input/input1
[   25.082227] ACPI: Sleep Button [SLPF]
[   25.091868] GHES: HEST is not enabled!
[   25.093285] ACPI: Battery Slot [BAT0] (battery present)
[   25.114415] Serial: 8250/16550 driver, 32 ports, IRQ sharing enabled
[   25.147858] 00:02: ttyS0 at I/O 0x3f8 (irq = 4, base_baud = 115200) is a 16550A
[   25.233731] Linux agpgart interface v0.103
[   25.306274] loop: module loaded
[   25.311621] scsi host0: ata_piix
[   25.314821] scsi host1: ata_piix
[   25.360992] ata1: PATA max UDMA/33 cmd 0x1f0 ctl 0x3f6 bmdma 0xd000 irq 14
[   25.455790] ata2: PATA max UDMA/33 cmd 0x170 ctl 0x376 bmdma 0xd008 irq 15
[   25.573043] libphy: Fixed MDIO Bus: probed
[   25.619418] tun: Universal TUN/TAP device driver, 1.6
[   25.744202] tun: (C) 1999-2004 Max Krasnyansky <maxk@qualcomm.com>
[   25.761140] PPP generic driver version 2.4.2
[   25.866333] ehci_hcd: USB 2.0 'Enhanced' Host Controller (EHCI) Driver
[   25.978238] ehci-pci: EHCI PCI platform driver
[   26.022084] ehci-platform: EHCI generic platform driver
[   26.080580] ohci_hcd: USB 1.1 'Open' Host Controller (OHCI) Driver
[   26.180226] ohci-pci: OHCI PCI platform driver
[   26.263800] ohci-platform: OHCI generic platform driver
[   26.308934] uhci_hcd: USB Universal Host Controller Interface driver
[   26.383049] i8042: PNP: PS/2 Controller [PNP0303:PS2K,PNP0f03:PS2M] at 0x60,0x64 irq 1,12
[   26.469157] serio: i8042 KBD port at 0x60,0x64 irq 1
[   26.481383] serio: i8042 AUX port at 0x60,0x64 irq 12
[   26.500303] mousedev: PS/2 mouse device common for all mice
[   26.522737] input: AT Translated Set 2 keyboard as /devices/platform/i8042/serio0/input/input2
[   26.535243 rc_cmos rtc_cmo: tccoe:regiser r_cs as rt
[   27.008096] rtc_cmos rtc_cmos: alarms up to one day, 114 bytes nvram
[   27.111610] i2c /dev entries driver
[   27.152711] device-mapper: uevent: version 1.0.3
[   27.199703] device-mapper: ioctl: 4.34.0-ioctl (2015-10-28) initialised: dm-devel@redhat.com
[   27.256676] ledtrig-cpu: registered to indicate activity on CPUs
[   27.320649] NET: Registered protocol family 10
[   27.414630] NET: Registered protocol family 17
[   27.492235] Key type dns_resolver registered
[   27.560288] microcode: CPU0 sig=0x40651, pf=0x40, revision=0x0
[   27.659807] microcode: CPU1 sig=0x40651, pf=0x40, revision=0x0
[   27.699640] microcode: Microcode Update Driver: v2.01 <tigran@aivazian.fsnet.co.uk>, Peter Oruba
[   27.755740] registered taskstats version 1
[   27.765612] Loading compiled-in X.509 certificates
[   27.774309] Loaded X.509 cert 'Build time autogenerated kernel key: 7431eaeda5a51458aeb00f8de0f18f89e178d882'
[   27.956782] zswap: loaded using pool lzo/zbud
[   27.995927] Key type trusted registered
[   28.028844] Key type encrypted registered
[   28.044894] AppArmor: AppArmor sha1 policy hashing enabled
[   28.053678] ima: No TPM chip found, activating TPM-bypass!
[   28.074649] evm: HMAC attrs: 0x1
[   28.082337]   Magic number: 2:151:600
[   28.116477] rtc_cmos rtc_cmos: setting system clock to 2018-01-27 20:36:03 UTC (1517085363)
[   28.162783] BIOS EDD facility v0.16 2004-Jun-25, 0 devices found
[   28.234043] EDD information not available.
[   28.271240] Freeing unused kernel memory: 1492K
[   28.374190] Write protecting the kernel read-only data: 14336k
[   28.438503] Freeing unused kernel memory: 1744K
[   28.476504] Freeing unused kernel memory: 108K
Loading, please wait...
[   28.501083] random: systemd-udevd: uninitialized urandom read (16 bytes read, 4 bits of entropy available)
starting version[   28.501409] random: udevadm: uninitialized urandom read (16 bytes read, 4 bits of entropy available)
 229
[   28.501425] random: udevadm: uninitialized urandom read (16 bytes read, 4 bits of entropy available)
[   28.511408] random: udevadm: uninitialized urandom read (16 bytes read, 4 bits of entropy available)
[   28.511443] random: udevadm: uninitialized urandom read (16 bytes read, 4 bits of entropy available)
[   28.511544] random: udevadm: uninitialized urandom read (16 bytes read, 4 bits of entropy available)
[   28.511582] random: udevadm: uninitialized urandom read (16 bytes read, 4 bits of entropy available)
[   28.511619] random: udevadm: uninitialized urandom read (16 bytes read, 4 bits of entropy available)
[   28.511656] random: udevadm: uninitialized urandom read (16 bytes read, 4 bits of entropy available)
[   28.511691] random: udevadm: uninitialized urandom read (16 bytes read, 4 bits of entropy available)
[   28.756039] e1000: Intel(R) PRO/1000 Network Driver - version 7.3.21-k8-NAPI
[   28.771853] e1000: Copyright (c) 1999-2006 Intel Corporation.
[   28.788912] Fusion MPT base driver 3.04.20
[   28.798434] Copyright (c) 1999-2008 LSI Corporation
[   28.833582] AVX2 version of gcm_enc/dec engaged.
[   28.881364] AES CTR mode by8 optimization enabled
[   28.934830] Fusion MPT SPI Host driver 3.04.20
[   29.131870] input: ImExPS/2 Generic Explorer Mouse as /devices/platform/i8042/serio1/input/input4
[   29.314147] e1000 0000:00:03.0 eth0: (PCI:33MHz:32-bit) 02:0a:1a:84:64:1f
[   29.449521] e1000 0000:00:03.0 eth0: Intel(R) PRO/1000 Network Connection
[   29.521400] mptbase: ioc0: Initiating bringup
[   29.522240] e1000 0000:00:03.0 enp0s3: renamed from eth0
[   29.739679] ioc0: LSI53C1030 A0: Capabilities={Initiator}
[   31.152615] scsi host2: ioc0: LSI53C1030 A0, FwRev=00000000h, Ports=1, MaxQ=256, IRQ=20
[   31.823799] floppy0: no floppy controllers found
[   32.654567] scsi 2:0:0:0: Direct-Access     VBOX     HARDDISK         1.0  PQ: 0 ANSI: 5
[   32.760005] scsi target2:0:0: Beginning Domain Validation
[   32.816833] scsi target2:0:0: Domain Validation skipping write tests
[   32.916426] scsi target2:0:0: Ending Domain Validation
[   32.982646] scsi target2:0:0: asynchronous
[   33.089499] scsi 2:0:1:0: Direct-Access     VBOX     HARDDISK         1.0  PQ: 0 ANSI: 5
[   33.121843] scsi target2:0:1: Beginning Domain Validation
[   33.147236] scsi target2:0:1: Domain Validation skipping write tests
[   33.174611] scsi target2:0:1: Ending Domain Validation
[   33.192819] scsi target2:0:1: asynchronous
[   33.229479] sd 2:0:0:0: [sda] 20971520 512-byte logical blocks: (10.7 GB/10.0 GiB)
[   33.229622] sd 2:0:0:0: Attached scsi generic sg0 type 0
[   33.323317] sd 2:0:0:0: [sda] Write Protect is off
[   33.323712] sd 2:0:1:0: Attached scsi generic sg1 type 0
[   33.446600] sd 2:0:1:0: [sdb] 20480 512-byte logical blocks: (10.5 MB/10.0 MiB)
[   33.523379] sd 2:0:0:0: [sda] Incomplete mode parameter data
[   33.523476] sd 2:0:1:0: [sdb] Write Protect is off
[   33.523685] sd 2:0:1:0: [sdb] Incomplete mode parameter data
[   33.523686] sd 2:0:1:0: [sdb] Assuming drive cache: write through
[   33.622728] sd 2:0:1:0: [sdb] Attached SCSI disk
[   33.750283] sd 2:0:0:0: [sda] Assuming drive cache: write through
[   33.813017]  sda: sda1
[   33.865484] sd 2:0:0:0: [sda] Attached SCSI disk
Begin: Loading e[   35.341979] md: linear personality registered for level -1
ssential drivers[   35.437913] md: multipath personality registered for level -4
 ... [   35.533406] md: raid0 personality registered for level 0
[   35.614026] md: raid1 personality registered for level 1
[   35.725779] raid6: sse2x1   gen()  9215 MB/s
[   35.857905] raid6: sse2x1   xor()  5632 MB/s
[   35.965836] raid6: sse2x2   gen()  9935 MB/s
[   36.086146] raid6: sse2x2   xor()  7562 MB/s
[   36.213829] raid6: sse2x4   gen() 11814 MB/s
[   36.293787] raid6: sse2x4   xor()  5545 MB/s
[   36.369905] raid6: avx2x1   gen() 13400 MB/s
[   36.442311] raid6: avx2x2   gen() 16209 MB/s
[   36.545849] raid6: avx2x4   gen() 15435 MB/s
[   36.577190] raid6: using algorithm avx2x2 gen() 16209 MB/s
[   36.687573] raid6: using avx2x2 recovery algorithm
[   36.771876] xor: automatically using best checksumming function:
[   36.905985]    avx       : 17264.000 MB/sec
[   36.916661] async_tx: api initialized (async)
[   36.965998] md: raid6 personality registered for level 6
[   36.977903] md: raid5 personality registered for level 5
[   36.979979] md: raid4 personality registered for level 4
[   36.991110] md: raid10 personality registered for level 10
done.
Begin: Running /scripts/init-premount ... done.
Begin: Mounting root file system ... Begin: Running /scripts/local-top ... do[   37.050483] Btrfs loaded
ne.
Begin: Running /scripts/local-premount ... Scanning for Btrfs filesystems
done.
Warning: fsck no[   37.111596] EXT4-fs (sda1): mounted filesystem with ordered data mode. Opts: (null)
t present, so skipping root file system
done.
Begin: Running /scripts/local-bottom ... done.
Begin: Running /scripts/init-bottom ... done.
[   37.314712] systemd[1]: systemd 229 running in system mode. (+PAM +AUDIT +SELINUX +IMA +APPARMOR +SMACK +SYSVINIT +UTMP +LIBCRYPTSETUP +GCRYPT +GNUTLS +ACL +XZ -LZ4 +SECCOMP +BLKID +ELFUTILS +KMOD -IDN)
[   37.340697] systemd[1]: Detected virtualization oracle.
[   37.344196] systemd[1]: Detected architecture x86-64.

Welcome to [1mUbuntu 16.04.3 LTS[0m!

[   37.391477] systemd[1]: Set hostname to <ubuntu>.
[   37.398863] systemd[1]: Initializing machine ID from random generator.
[   37.420527] systemd[1]: Installed transient /etc/machine-id file.
[   37.631032] systemd[1]: Reached target Swap.
[[0;32m  OK  [0m] Reached target Swap.
[   37.714153] systemd[1]: Reached target Encrypted Volumes.
[[0;32m  OK  [0m] Reached target Encrypted Volumes.
[   37.890537] systemd[1]: Listening on udev Kernel Socket.
[[0;32m  OK  [0m] Listening on udev Kernel Socket.
[   37.921340] systemd[1]: Started Trigger resolvconf update for networkd DNS.
[[0;32m  OK  [0m] Started Trigger resolvconf update for networkd DNS.
[   37.962436] systemd[1]: Listening on Journal Socket.
[[0;32m  OK  [0m] Listening on Journal Socket.
[   38.043493] systemd[1]: Created slice System Slice.
[[0;32m  OK  [0m] Created slice System Slice.
[   38.094436] systemd[1]: Starting Create list of required static device nodes for the current kernel...
         Starting Create list of required st... nodes for the current kernel...
[   38.275106] systemd[1]: Starting Load Kernel Modules...
[   38.310]oangSCI anpo css2.0-87.
         Starting Load Kernel Mo[   39.044887] iscsi: registered transport (tcp)
dules...
[   39.126449] systemd[1]: Listening on LVM2 metadata daemon socket.
[[0;32m  OK  [0m] Listening on LVM2 metadata d[   39.174557] iscsi: registered transport (iser)
aemon socket.
[   39.270671] systemd[1]: Starting Set console keymap...
[   39.272115] random: nonblocking pool is initialized
         Starting Set console keymap...
[   39.438578] systemd[1]: Listening on LVM2 poll daemon socket.
[[0;32m  OK  [0m] Listening on LVM2 poll daemon socket.
[   39.571057] systemd[1]: Created slice User and Session Slice.
[[0;32m  OK  [0m] Created slice User and Session Slice.
[   39.662448] systemd[1]: Reached target Slices.
[[0;32m  OK  [0m] Reached target Slices.
[   39.758302] systemd[1]: Listening on udev Control Socket.
[[0;32m  OK  [0m] Listening on udev Control Socket.
[   39.854181] systemd[1]: Starting Nameserver information manager...
         Starting Nameserver information manager...
[   39.958488] systemd[1]: Starting Remount Root and Kernel File Systems...
[   39.968165] EXT4-fs (sda1): re-mounted. Opts: (null)
         Starting Remount Root and Kernel File Systems...
[   40.054744] systemd[1]: Listening on Journal Audit Socket.
[[0;32m  OK  [0m] Listening on Journal Audit Socket.
[   40.167284] systemd[1]: Created slice system-serial\x2dgetty.slice.
[[0;32m  OK  [0m] Created slice system-serial\x2dgetty.slice.
[   40.241645] systemd[1]: Listening on Journal Socket (/dev/log).
[[0;32m  OK  [0m] Listening on Journal Socket (/dev/log).
[   40.315220] systemd[1]: Listening on Syslog Socket.
[[0;32m  OK  [0m] Listening on Syslog Socket.
[   40.390272] systemd[1]: Mounting Huge Pages File System...
         Mounting Huge Pages File System...
[   40.510271] systemd[1]: Mounting POSIX Message Queue File System...
         Mounting POSIX Message Queue File System...
[   40.610316] systemd[1]: Listening on /dev/initctl Compatibility Named Pipe.
[[0;32m  OK  [0m] Listening on /dev/initctl Compatibility Named Pipe.
[   40.743681] systemd[1]: Set up automount Arbitrary Executable File Formats File System Automount Point.
[[0;32m  OK  [0m] Set up automount Arbitrary Executab...ats File System Automount Point.
[   40.914309] systemd[1]: Starting Uncomplicated firewall...
         Starting Uncomplicated firewall...
[   40.994629] systemd[1]: Starting Journal Service...
         Starting Journal Service...
[   41.074040] systemd[1]: Mounting Debug File System...
         Mounting Debug File System...
[   41.179002] systemd[1]: Started Forward Password Requests to Wall Directory Watch.
[[0;32m  OK  [0m] Started Forward Password Requests to Wall Directory Watch.
[   41.234412] systemd[1]: Listening on Device-mapper event daemon FIFOs.
[[0;32m  OK  [0m] Listening on Device-mapper event daemon FIFOs.
[   41.318723] systemd[1]: Starting Monitoring of LVM2 mirrors, snapshots etc. using dmeventd or progress polling...
         Starting Monitoring of LVM2 mirrors... dmeventd or progress polling...
[   41.476980] systemd[1]: Reached target User and Group Name Lookups.
[[0;32m  OK  [0m] Reached target User and Group Name Lookups.
[   41.587406] systemd[1]: Mounted Debug File System.
[[0;32m  OK  [0m] Mounted Debug File System.
[   41.710334] systemd[1]: Mounted Huge Pages File System.
[[0;32m  OK  [0m] Mounted Huge Pages File System.
[   41.791405] systemd[1]: Mounted POSIX Message Queue File System.
[[0;32m  OK  [0m] Mounted POSIX Message Queue File System.
[   41.951179] systemd[1]: Started Journal Service.
[[0;32m  OK  [0m] Started Journal Service.
[[0;32m  OK  [0m] Started Create list of required sta...ce nodes for the current kernel.
[[0;32m  OK  [0m] Started Load Kernel Modules.
[[0;32m  OK  [0m] Started Set console keymap.
[[0;32m  OK  [0m] Started Remount Root and Kernel File Systems.
[[0;32m  OK  [0m] Started Uncomplicated firewall.
[[0;32m  OK  [0m] Started Nameserver information manager.
[[0;32m  OK  [0m] Started LVM2 metadata daemon.
         Starting Load/Save Random Seed...
         Starting Initial cloud-init job (pre-networking)...
         Starting udev Coldplug all Devices...
         Mounting FUSE Control File System...
         Starting Apply Kernel Variables...
         Starting Create Static Device Nodes in /dev...
         Starting Flush Journal to Persistent Storage...
[[0;32m  OK  [0m] Mounted FUSE Control File System.
[[0;32m  OK  [0m] Started Monitoring of LVM2 mirrors,...ng dmeventd or progress polling.
[[0;32m  OK  [0m] Started Load/Save Random Seed.
[[0;32m  OK  [0m] Started Apply Kernel Variables.
[[0;32m  OK  [0m] Started Create Static Device Nodes in /dev.
[[0;32m  OK  [0m] Started udev Coldplug all Devices.
[[0;32m  OK  [0m] Started Flush Journal to Persistent Storage.
         Starting udev Kernel Device Manager...
[[0;32m  OK  [0m] Started udev Kernel Device Manager.
[[0;32m  OK  [0m] Reached target Local File Systems (Pre).
[[0;32m  OK  [0m] Reached target Local File Systems.
         Starting Set console font and keymap...
         Starting Create Volatile Files and Directories...
         Starting Commit a transient machine-id on disk...
         Starting Tell Plymouth To Write Out Runtime Data...
         Starting LSB: AppArmor initialization...
[[0;32m  OK  [0m] Started Dispatch Password Requests to Console Directory Watch.
[[0;32m  OK  [0m] Started Create Volatile Files and Directories.
[[0;32m  OK  [0m] Started Commit a transient machine-id on disk.
[[0;32m  OK  [0m] Started Tell Plymouth To Write Out Runtime Data.
[[0;32m  OK  [0m] Started Initial cloud-init job (pre-networking).
[   24.924720] cloud-init[452]: Cloud-init v. 0.7.9 running 'init-local' at Sat, 27 Jan 2018 20:36:18 +0000. Up 24.47 seconds.
[[0;32m  OK  [0m] Found device /dev/ttyS0.
[[0;32m  OK  [0m] Started LSB: AppArmor initialization.
[[0;32m  OK  [0m] Listening on Load/Save RF Kill Switch Status /dev/rfkill Watch.
[[0;32m  OK  [0m] Reached target Network (Pre).
         Starting Raise network interfaces...
[[0;32m  OK  [0m] Started ifup for enp0s3.
         Starting Update UTMP about System Boot/Shutdown...
[[0;32m  OK  [0m] Reached target System Time Synchronized.
[[0;32m  OK  [0m] Started Set console font and keymap.
[[0;32m  OK  [0m] Started Update UTMP about System Boot/Shutdown.
[[0;32m  OK  [0m] Created slice system-getty.slice.
[[0;32m  OK  [0m] Started Raise network interfaces.
         Starting Initial cloud-init job (metadata service crawler)...
[[0;32m  OK  [0m] Reached target Network.
[   29.210435] cloud-init[966]: Cloud-init v. 0.7.9 running 'init' at Sat, 27 Jan 2018 20:36:22 +0000. Up 28.29 seconds.
[   29.296737] [cloud-init[0;32m  OK  [0m[966]: ] ci-info: +++++++++++++++++++++++++++++++++++++Net device info+++++++++++++++++++++++++++++++++++++Started Initial cloud-init job (metadata service crawler).

[   29.490677] cloud-init[966]: ci-info: +--------+------+---------------------------+---------------+-------+-------------------+
[[0;32m  OK  [0m] Reached target Network is Online.
[   29.492436] cloud-init[966]: ci-info: | Device |  Up  |          Address          |      Mask     | Scope |     Hw-Address    |
[   29.757028]          cloud-initStarting iSCSI initiator daemon (iscsid)...[966]: 
ci-info: +--------+------+---------------------------+---------------+-------+-------------------+
[   29.921194] [cloud-init[0;32m  OK  [0m[966]: ] ci-info: | enp0s3 | True |         10.0.2.15         | 255.255.255.0 |   .   | 02:0a:1a:84:64:1f |Reached target System Initialization.

[[0;32m  OK  [0m] Started Timer to automatically fetch and run repair assertions.
[   29.922778] cloud-init[966]: ci-info: | enp0s3 | True | fe80::a:1aff:fe84:641f/64 |       .       |  link | 02:0a:1a:84:64:1f |[
[0;32m  OK  [0m] Listening on ACPID Listen Socket.
[   30.066496]          Starting LXD - unix socket.
[[0;32m  OK  [0m] Listening on D-Bus System Message Bus Socket.
[[0;32m  OK  [0m] Listening on UUID daemon activation socket.
cloud-init[966]: ci-info: |   lo   | True |         127.0.0.1         |   255.0.0.0   |   .   |         .         |
[   30.400697] cloud-init[966]: ci-info: |   lo   | True |          ::1/128          |       .       |  host |         .         |
[   30.460789] cloud-init[966]: ci-info: +--------+------+---------------------------+---------------+-------+-------------------+
[   30.516797] cloud-init[966]: ci-info: +++++++++++++++++++++++++++Route IPv4 info++++++++++++++++++++++++++++
[   30.599808] cloud-init[966]: ci-info: +-------+-------------+----------+---------------+-----------+-------+
[[0;32m  OK  [0m] Started ACPI Events Check.
[[0;32m  OK  [0m] Reached target Paths.
[   30.660872] cloud-init[966]: ci-info: | Route | Destination | Gateway  |    Genmask    | Interface | Flags |
[   30.803818] cloud-init[966]: ci-info: +-------+-------------+----------+---------------+-----------+-------+
         Starting Socket activation for snappy daemon.
[[0;32m  OK  [0m] Started Timer to automatically refresh installed snaps.
[   30.892277] cloud-init[966]: ci-info: |   0   |   0.0.0.0   | 10.0.2.2 |    0.0.0.0    |   enp0s3  |   UG  |
[   31.020260] cloud-init[966]: ci-info: |   1   |   10.0.2.0  | 0.0.0.0  | 255.255.255.0 |   enp0s3  |   U   |
[[0;32m  OK  [0m] Started Daily Cleanup of Temporary Directories.
[[0;32m  OK  [0m] Started Daily apt download activities.
[   31.064224] cloud-init[966]: ci-info: +-------+-------------+----------+---------------+-----------+-------+
[   31.164781] cloud-init[966]: Generating public/private rsa key pair.
[[0;32m  OK  [0m] Started Daily apt upgrade and clean activities.
[[0;32m  OK  [0m] Reached target Timers.
[   31.212033] cloud-init[966]: Your identification has been saved in /etc/ssh/ssh_host_rsa_key.
[   31.336262] cloud-init[966]: Your public key has been saved in /etc/ssh/ssh_host_rsa_key.pub.
[   31.336349] cloud-init[966]: The key fingerprint is:
[   31.336863] cloud-init[966]: SHA256:p1v9dn4A4GlGHO1MCNCbKXR3xCyCupPLq5BFllL3dVc root@ubuntu-xenial
[   31.336902] cloud-init[966]: The key's randomart image is:
[   31.336934] cloud-init[966]: +---[RSA 2048]----+
[   31.336963] cloud-init[966]: |  . . .+oooBo.E  |
[   31.336994] cloud-init[966]: | . o .o.+.B.*    |
[   31.337032] cloud-init[966]: |. +  o.. O O     |
[   31.337063] cloud-init[966]: | +  . . + = +    |
[   31.337093] cloud-init[966]: |  .  o .So.  .   |
[   31.337121] cloud-init[966]: | o  +    o .  .  |
[   31.337151] cloud-init[966]: |o  . o  . . .  . |
[   31.337181] cloud-init[966]: | .  o    o   .. o|
[   31.337210] cloud-init[966]: |  ....  .    ..oo|
[   31.337239] cloud-init[966]: +----[SHA256]-----+
[   31.337269] cloud-init[966]: Generating public/private dsa key pair.
[   31.337298] cloud-init[966]: Your identification has been saved in /etc/ssh/ssh_host_dsa_key.
[   31.337328] cloud-init[966]: Your public key has been saved in /etc/ssh/ssh_host_dsa_key.pub.
[   31.337360] cloud-init[966]: The key fingerprint is:
[   31.337391] cloud-init[966]: SHA256:L+LXsjucoDQyyCGxsF8DMf/ARr/bbnhMa/Wt8GT3i1c root@ubuntu-xenial
[   31.337421] cloud-init[966]: The key's randomart image is:
[   31.337449] cloud-init[966]: +---[DSA 1024]----+
[   31.337478] cloud-init[966]: |  o..            |
[   31.337507] cloud-init[966]: |o .= .           |
[   31.337541] cloud-init[966]: |.+ .= .          |
[   31.337589] cloud-init[966]: |+. .oo .         |
[   31.337625] cloud-init[966]: |oo.. .o S        |
[   31.337656] cloud-init[966]: |..+ o .o...     E|
[   31.337684] cloud-init[966]: |   + oo*o=o.o.. .|
[   31.337713] cloud-init[966]: |    ...o%..=..oo |
[   31.337742] cloud-init[966]: |      .=+=  oo..o|
[   31.337770] cloud-init[966]: +----[SHA256]-----+
[   31.337800] cloud-init[966]: Generating public/private ecdsa key pair.
[   31.337916] cloud-init[966]: Your identification has been saved in /etc/ssh/ssh_host_ecdsa_key.
[   31.337973] cloud-init[966]: Your public key has been saved in /etc/ssh/ssh_host_ecdsa_key.pub.
[   31.338027] cloud-init[966]: The key fingerprint is:
[   31.338060] cloud-init[966]: SHA256:YOFZHjRTzhai+Sy3b+sEwoHADDAEjz3nAWOYiMomhbg root@ubuntu-xenial
[   31.338091] cloud-init[966]: The key's randomart image is:
[   31.338123] cloud-init[966]: +---[ECDSA 256]---+
[   31.338152] cloud-init[966]: |%O=   ..B.o      |
[   31.338182] cloud-init[966]: |B*++ o B B .     |
[   31.338211] cloud-init[966]: |+o+ + O . +      |
[   31.338298] cloud-init[966]: |Eo + + = .       |
[   31.338365] cloud-init[966]: |o   . + S        |
[   31.338417] cloud-init[966]: |       + o       |
[   31.338453] cloud-init[966]: |        . .      |
[   31.338483] cloud-init[966]: |         o.      |
[   31.338511] cloud-init[966]: |         o+.     |
[   31.338541] cloud-init[966]: +----[SHA256]-----+
[   31.338570] cloud-init[966]: Generating public/private ed25519 key pair.
[   31.338603] cloud-init[966]: Your identification has been saved in /etc/ssh/ssh_host_ed25519_key.
[   31.338655] cloud-init[966]: Your public key has been saved in /etc/ssh/ssh_host_ed25519_key.pub.
[   31.338707] cloud-init[966]: The key fingerprint is:
[   31.338774] cloud-init[966]: SHA256:B2GYF3cor208fEf5IC1AUfchlzXvH+oPB7ocUv4NWZw root@ubuntu-xenial
[   31.338827] cloud-init[966]: The key's randomart image is:
[   31.338880] cloud-init[966]: +--[ED25519 256]--+
[   31.338930] cloud-init[966]: |       o+o++o..++|
[   31.338963] cloud-init[966]: |      o.ooo. .oo+|
[   31.338993] cloud-init[966]: |       ..o . . .o|
[   31.339030] cloud-init[966]: |         .. o *..|
[   31.339067] cloud-init[966]: |        S=.. = E.|
[   31.339120] cloud-init[966]: |        ..O o * +|
[   31.339167] cloud-init[966]: |         o * * ..|
[   31.339211] cloud-init[966]: |          o = =  |
[   31.339467] cloud-init[966]: |           o o.o |
[   31.339505] cloud-init[[0;32m  OK  [0m] Reached target Cloud-config availability.
[966]: +----[SHA256]-----+
[[0;32m  OK  [0m] Listening on LXD - unix socket.
[[0;32m  OK  [0m] Listening on Socket activation for snappy daemon.
[[0;32m  OK  [0m] Started iSCSI initiator daemon (iscsid).
         Starting Login to default iSCSI targets...
[[0;32m  OK  [0m] Reached target Sockets.
[[0;32m  OK  [0m] Reached target Basic System.
         Starting /etc/rc.local Compatibility...
[[0;32m  OK  [0m] Started D-Bus System Message Bus.
         Starting LSB: MD monitoring daemon...
[[0;32m  OK  [0m] Started Deferred execution scheduler.
         Starting Apply the settings specified in cloud-config...
         Starting Snappy daemon...
[[0;32m  OK  [0m] Started Unattended Upgrades Shutdown.
         Starting System Logging Service...
[[0;32m  OK  [0m] Started Regular background program processing daemon.
         Starting LXD - container startup/shutdown...
         Starting Login Service...
[[0;32m  OK  [0m] Started ACPI event daemon.
         Starting LSB: Record successful boot for GRUB...
         Starting Accounts Service...
         Starting Pollinate to seed the pseudo random number generator...
[[0;32m  OK  [0m] Started FUSE filesystem for LXC.
[[0;32m  OK  [0m] Started Snappy daemon.
[[0;32m  OK  [0m] Started System Logging Service.
[[0;32m  OK  [0m] Started /etc/rc.local Compatibility.
[[0;32m  OK  [0m] Started LXD - container startup/shutdown.
[[0;32m  OK  [0m] Started LSB: MD monitoring daemon.
[[0;32m  OK  [0m] Started Login to default iSCSI targets.
[[0;32m  OK  [0m] Started LSB: Record successful boot for GRUB.
         Starting Authenticate and Authorize Users to Run Privileged Tasks...
[[0;32m  OK  [0m] Reached target Remote File Systems (Pre).
[[0;32m  OK  [0m] Reached target Remote File Systems.
         Starting LSB: automatic crash report generation...
         Starting Permit User Sessions...
         Starting LSB: VirtualBox Linux Additions...
         Starting LSB: Set the CPU Frequency Scaling governor to "ondemand"...
         Starting LSB: daemon to balance interrupts for SMP systems...
         Starting Auto import assertions from block devices...
[[0;32m  OK  [0m] Started Permit User Sessions.
[[0;32m  OK  [0m] Started Auto import assertions from block devices.
[[0;32m  OK  [0m] Started Login Service.
[[0;32m  OK  [0m] Started Authenticate and Authorize Users to Run Privileged Tasks.
[[0;32m  OK  [0m] Started Accounts Service.
         Starting Terminate Plymouth Boot Screen...
         Starting Hold until boot process finishes up...
[[0;32m  OK  [0m] Started LSB: automatic crash report generation.
[[0;32m  OK  [0m] Started LSB: Set the CPU Frequency Scaling governor to "ondemand".
[[0;32m  OK  [0m] Started LSB: daemon to balance interrupts for SMP systems.
[   37.034023] cloud-init[1081]: Generating locales (this might take a while)...
[[0;32m  OK  [0m] Started Pollinate to seed the pseudo random number generator.
[[0;32m  OK  [0m] Started LSB: VirtualBox Linux Additions.
[[0;32m  OK  [0m] Started Terminate Plymouth Boot Screen.
[[0;32m  OK  [0m] Started Hold until boot process finishes up.
         Starting Set console scheme...
[[0;32m  OK  [0m] Started Serial Getty on ttyS0.
[[0;32m  OK  [0m] Started Getty on tty1.
[[0;32m  OK  [0m] Reached target Login Prompts.
         Starting OpenBSD Secure Shell server...
[[0;32m  OK  [0m] Started OpenBSD Secure Shell server.
[[0;32m  OK  [0m] Started Set console scheme.
[[0;32m  OK  [0m] Reached target Multi-User System.
[[0;32m  OK  [0m] Reached target Graphical Interface.
         Starting Update UTMP about System Runlevel Changes...
[[0;32m  OK  [0m] Started Update UTMP about System Runlevel Changes.
[   38.820101] cloud-init[1081]:   en_US.UTF-8... done
[   38.857507] cloud-init[1081]: Generation complete.
         Stopping OpenBSD Secure Shell server...
[[0;32m  OK  [0m] Stopped OpenBSD Secure Shell server.
         Starting OpenBSD Secure Shell server...
[[0;32m  OK  [0m] Started OpenBSD Secure Shell server.
[[0;32m  OK  [0m] Created slice User Slice of ubuntu.
         Starting User Manager for UID 1000...
[[0;32m  OK  [0m] Started User Manager for UID 1000.
[[0;32m  OK  [0m] Started Session 1 of user ubuntu.
[   39.549132] cloud-init[1081]: Cloud-init v. 0.7.9 running 'modules:config' at Sat, 27 Jan 2018 20:36:30 +0000. Up 36.45 seconds.
[[0;32m  OK  [0m] Started Apply the settings specified in cloud-config.
         Starting Execute cloud user/final scripts...
ci-info: no authorized ssh keys fingerprints found for user ubuntu.
<14>Jan 27 20:36:34 ec2: 
<14>Jan 27 20:36:34 ec2: #############################################################
<14>Jan 27 20:36:34 ec2: -----BEGIN SSH HOST KEY FINGERPRINTS-----
<14>Jan 27 20:36:34 ec2: 1024 SHA256:L+LXsjucoDQyyCGxsF8DMf/ARr/bbnhMa/Wt8GT3i1c root@ubuntu-xenial (DSA)
<14>Jan 27 20:36:34 ec2: 256 SHA256:YOFZHjRTzhai+Sy3b+sEwoHADDAEjz3nAWOYiMomhbg root@ubuntu-xenial (ECDSA)
<14>Jan 27 20:36:34 ec2: 256 SHA256:B2GYF3cor208fEf5IC1AUfchlzXvH+oPB7ocUv4NWZw root@ubuntu-xenial (ED25519)
<14>Jan 27 20:36:34 ec2: 2048 SHA256:p1v9dn4A4GlGHO1MCNCbKXR3xCyCupPLq5BFllL3dVc root@ubuntu-xenial (RSA)
<14>Jan 27 20:36:34 ec2: -----END SSH HOST KEY FINGERPRINTS-----
<14>Jan 27 20:36:34 ec2: #############################################################
-----BEGIN SSH HOST KEY KEYS-----
ecdsa-sha2-nistp256 AAAAE2VjZHNhLXNoYTItbmlzdHAyNTYAAAAIbmlzdHAyNTYAAABBBCa/+4qvVxXM+m9htTHSsc4XCnB2wPvokEgymzEK4htGCp7bRNWseGancHl/RyJS9BXxsQ9Mr8k6wWBAgVSVb4M= root@ubuntu-xenial
ssh-ed25519 AAAAC3NzaC1lZDI1NTE5AAAAIEsA+NLQQcIOSnBvl2GF5oESTXGaGZ5uWXDv61Ax661V root@ubuntu-xenial
ssh-rsa AAAAB3NzaC1yc2EAAAADAQABAAABAQDPtdezHEeK5hayc4Nca+yqVRN9BzrfsKK/mJAmIMUh/mYd/HqwJyG0xl0w7LitpEwGeswWaUawDU069L+o/pLrMFYeCQyBXxQ6aSqBLLeAVNc/FOV9tNO0dQARr0UGy5mgmhMcLHNB2UeTMbIWi1klDcM/wPkmhhUJkr5NThJMEWhoBXOXOVSit5ek0Z5I4ue6Y41tImFQQx81L83pxS2ZaOj5TZTP19xyV8fqKcz91Rh7P94babV4SOeWEaouD6IBLpTGnmTOw82VDu68+aTkRP07o/kDdpVyZQvI5baPmFvNx+v+XXzwshmutip7PbBx9WYPZSVUmDoJKEBxxMd1 root@ubuntu-xenial
-----END SSH HOST KEY KEYS-----
         Stopping User Manager for UID 1000...
[[0;32m  OK  [0m] Stopped User Manager for UID 1000.
[   41.292327] cloud-init[1414]: Cloud-init v. 0.7.9 running 'modules:final' at Sat, 27 Jan 2018 20:36:34 +0000. Up 40.23 seconds.
[   41.352075] cloud-init[1414]: ci-info: no authorized ssh keys fingerprints found for user ubuntu.
[[0;32m  OK  [0m] Removed slice User Slice of ubuntu.
[   41.458913] cloud-init[1414]: Cloud-init v. 0.7.9 finished at Sat, 27 Jan 2018 20:36:35 +0000. Datasource DataSourceNoCloud [seed=/dev/sdb][dsmode=net].  Up 41.26 seconds
[[0;32m  OK  [0m] Started Execute cloud user/final scripts.
[[0;32m  OK  [0m] Created slice User Slice of ubuntu.
         Starting User Manager for UID 1000...
[[0;32m  OK  [0m] Reached target Cloud-init target.
[[0;32m  OK  [0m] Started User Manager for UID 1000.

Ubuntu 16.04.3 LTS ubuntu-xenial ttyS0

ubuntu-xenial login: 